<?xml version="1.0" encoding="UTF-8"?>
<testng-results ignored="0" total="1" passed="1" failed="0" skipped="0">
  <reporter-output>
  </reporter-output>
  <suite started-at="2024-10-25T15:13:09 IST" name="Default suite" finished-at="2024-10-25T15:13:30 IST" duration-ms="20103">
    <groups>
    </groups>
    <test started-at="2024-10-25T15:13:09 IST" name="Default test" finished-at="2024-10-25T15:13:30 IST" duration-ms="20103">
      <class name="SeleniumProject.Webautomation.TestUtils.BaseTest2">
        <test-method signature="project2()[pri:0, instance:SeleniumProject.Webautomation.TestUtils.BaseTest2@4d0f2471]" started-at="2024-10-25T15:13:09 IST" name="project2" finished-at="2024-10-25T15:13:30 IST" duration-ms="20068" status="PASS">
          <reporter-output>
          </reporter-output>
        </test-method> <!-- project2 -->
      </class> <!-- SeleniumProject.Webautomation.TestUtils.BaseTest2 -->
    </test> <!-- Default test -->
  </suite> <!-- Default suite -->
</testng-results>
