<?xml version="1.0" encoding="UTF-8"?>
<testng-results ignored="0" total="1" passed="1" failed="0" skipped="0">
  <reporter-output>
  </reporter-output>
  <suite started-at="2024-12-05T18:54:29 IST" name="Default suite" finished-at="2024-12-05T18:54:53 IST" duration-ms="24036">
    <groups>
    </groups>
    <test started-at="2024-12-05T18:54:29 IST" name="Default test" finished-at="2024-12-05T18:54:53 IST" duration-ms="24036">
      <class name="selenium.SeleniumFramework.Standalonetest">
        <test-method is-config="true" signature="launchApplication()[pri:0, instance:selenium.SeleniumFramework.Standalonetest@57cf54e1]" started-at="2024-12-05T18:54:29 IST" name="launchApplication" finished-at="2024-12-05T18:54:44 IST" duration-ms="14846" status="PASS">
          <reporter-output>
          </reporter-output>
        </test-method> <!-- launchApplication -->
        <test-method signature="submitorder(java.util.HashMap)[pri:0, instance:selenium.SeleniumFramework.Standalonetest@57cf54e1]" started-at="2024-12-05T18:54:44 IST" name="submitorder" data-provider="getdata" finished-at="2024-12-05T18:54:53 IST" duration-ms="8655" status="PASS">
          <params>
            <param index="0">
              <value>
                <![CDATA[{password=Suhani@2010, product=ZARA COAT 3, email=suhani@gmail.com}]]>
              </value>
            </param>
          </params>
          <reporter-output>
          </reporter-output>
        </test-method> <!-- submitorder -->
        <test-method is-config="true" signature="TearDown()[pri:0, instance:selenium.SeleniumFramework.Standalonetest@57cf54e1]" started-at="2024-12-05T18:54:53 IST" name="TearDown" finished-at="2024-12-05T18:54:53 IST" duration-ms="139" status="PASS">
          <reporter-output>
          </reporter-output>
        </test-method> <!-- TearDown -->
      </class> <!-- selenium.SeleniumFramework.Standalonetest -->
    </test> <!-- Default test -->
  </suite> <!-- Default suite -->
</testng-results>
