<?xml version="1.0" encoding="UTF-8"?>
<testng-results ignored="0" total="1" passed="1" failed="0" skipped="0">
  <reporter-output>
  </reporter-output>
  <suite started-at="2024-11-29T11:52:11 IST" name="Default suite" finished-at="2024-11-29T11:52:17 IST" duration-ms="5982">
    <groups>
    </groups>
    <test started-at="2024-11-29T11:52:11 IST" name="Default test" finished-at="2024-11-29T11:52:17 IST" duration-ms="5982">
      <class name="selenium.Actionselenium.assignment">
        <test-method signature="assignme()[pri:0, instance:selenium.Actionselenium.assignment@48f278eb]" started-at="2024-11-29T11:52:11 IST" name="assignme" finished-at="2024-11-29T11:52:17 IST" duration-ms="5944" status="PASS">
          <reporter-output>
          </reporter-output>
        </test-method> <!-- assignme -->
      </class> <!-- selenium.Actionselenium.assignment -->
    </test> <!-- Default test -->
  </suite> <!-- Default suite -->
</testng-results>
