<?xml version="1.0" encoding="UTF-8"?>
<!-- Generated by org.testng.reporters.JUnitXMLReporter -->
<testsuite ignored="0" hostname="DESKTOP-VEMJ6VN" failures="1" tests="1" name="ErrorValidation" time="4.873" errors="0" timestamp="2024-12-08T20:59:59 IST">
  <testcase classname="selenium.SeleniumFramework.ErrorValidation" name="loginerror" time="1.668">
    <failure type="java.lang.AssertionError" message="expected [Login Successfully] but found [Incorrect email or password.]">
      <![CDATA[java.lang.AssertionError: expected [Login Successfully] but found [Incorrect email or password.]
at selenium.SeleniumFramework.ErrorValidation.loginerror(ErrorValidation.java:22)
at java.base/java.util.ArrayList.forEach(ArrayList.java:1511)
... Removed 33 stack frames]]>
    </failure>
  </testcase> <!-- loginerror -->
</testsuite> <!-- ErrorValidation -->
