<?xml version="1.0" encoding="UTF-8"?>
<!-- Generated by org.testng.reporters.JUnitXMLReporter -->
<testsuite ignored="0" hostname="DESKTOP-VEMJ6VN" failures="1" tests="2" name="ErrorValidation" time="10.617" errors="0" timestamp="2024-12-10T18:05:40 IST">
  <testcase classname="selenium.SeleniumFramework.ErrorValidation" name="loginerror" time="1.242">
    <skipped/>
  </testcase> <!-- loginerror -->
  <testcase classname="selenium.SeleniumFramework.ErrorValidation" name="loginerror" time="1.098">
    <failure type="java.lang.AssertionError" message="expected [Login Successfully] but found [Incorrect email or password.]">
      <![CDATA[java.lang.AssertionError: expected [Login Successfully] but found [Incorrect email or password.]
at selenium.SeleniumFramework.ErrorValidation.loginerror(ErrorValidation.java:28)
at java.base/java.util.ArrayList.forEach(ArrayList.java:1511)
... Removed 37 stack frames]]>
    </failure>
  </testcase> <!-- loginerror -->
</testsuite> <!-- ErrorValidation -->
